[04/06/2024 12:55:37] [Administrador] [Consulta Socio] [SELECT idSocios, dniSocio, nombreSocio, primerApellidoSocio, segundoApellidoSocio, correoElectronicoSocio, contrasenaSocio from Socios;]
[04/06/2024 12:55:37] [Administrador] [Consulta Pistas] [SELECT idPistas, nombrePista, zonaPista, tipoPista from Pistas;]
[04/06/2024 12:55:40] [Administrador] [Consulta Reserva] [SELECT idReservas, precioReserva, fechaReserva, idSociosFK, idPistasFK from Reservas;]
[04/06/2024 12:55:41] [Administrador] [Consulta Reserva] [SELECT idReservas, precioReserva, fechaReserva, idSociosFK, idPistasFK from Reservas;]
[04/06/2024 12:55:49] [Administrador] [Modificación Reserva] [UPDATE Reservas SET fechaReserva = '2024-06-12', precioReserva = '100.00', idPistasFK = '2' WHERE idSociosFK = '6';]
[04/06/2024 12:55:53] [Administrador] [Consulta Reserva] [SELECT idReservas, precioReserva, fechaReserva, idSociosFK, idPistasFK from Reservas;]
[04/06/2024 12:55:57] [Administrador] [Eliminar Reserva] [DELETE FROM Reservas WHERE precioReserva = '2000.00' AND fechaReserva = '2025-10-15' AND idSociosFK = '3';]
[04/06/2024 12:57:18] [Administrador] [Iniciar Sesión] [SELECT * FROM usuarios WHERE nombreUsuario='Juanma2' AND contrasenaUsuario = SHA2('Studium2023;2', 256);]
[04/06/2024 12:58:01] [Administrador] [Iniciar Sesión] [SELECT * FROM usuarios WHERE nombreUsuario='Juanma2' AND contrasenaUsuario = SHA2('Studium2023;2', 256);]
[04/06/2024 12:58:04] [Administrador] [Consulta Reserva] [SELECT idReservas, precioReserva, fechaReserva, idSociosFK, idPistasFK from Reservas;]
[04/06/2024 12:58:06] [Administrador] [Consulta Socio] [SELECT idSocios, dniSocio, nombreSocio, primerApellidoSocio, segundoApellidoSocio, correoElectronicoSocio, contrasenaSocio from Socios;]
[04/06/2024 12:58:06] [Administrador] [Consulta Pistas] [SELECT idPistas, nombrePista, zonaPista, tipoPista from Pistas;]
[04/06/2024 12:58:17] [Administrador] [Alta Reserva] [INSERT INTO Reservas (idSociosFK, fechaReserva, precioReserva, idPistasFK) SELECT s.idSocios, '2026-10-15', 10000, p.idPistas FROM Socios s JOIN Pistas p ON s.dniSocio = '12322632T' AND p.nombrePista = 'Carlos XIII' AND p.tipoPista = 'Golf']
[04/06/2024 12:58:25] [Administrador] [Consulta Reserva] [SELECT idReservas, precioReserva, fechaReserva, idSociosFK, idPistasFK from Reservas;]
[04/06/2024 12:58:28] [Administrador] [Consulta Reserva] [SELECT idReservas, precioReserva, fechaReserva, idSociosFK, idPistasFK from Reservas;]
[04/06/2024 12:58:31] [Administrador] [Consulta Reserva] [SELECT idReservas, precioReserva, fechaReserva, idSociosFK, idPistasFK from Reservas;]
[04/06/2024 12:58:40] [Administrador] [Modificación Reserva] [UPDATE Reservas SET fechaReserva = '2026-10-15', precioReserva = '1000.00', idPistasFK = '3' WHERE idSociosFK = '10';]
[04/06/2024 12:58:45] [Administrador] [Consulta Reserva] [SELECT idReservas, precioReserva, fechaReserva, idSociosFK, idPistasFK from Reservas;]
[04/06/2024 12:58:48] [Administrador] [Consulta Reserva] [SELECT idReservas, precioReserva, fechaReserva, idSociosFK, idPistasFK from Reservas;]
[04/06/2024 12:58:49] [Administrador] [Consulta Reserva] [SELECT idReservas, precioReserva, fechaReserva, idSociosFK, idPistasFK from Reservas;]
[04/06/2024 12:58:52] [Administrador] [Modificación Reserva] [UPDATE Reservas SET fechaReserva = '2026-10-15', precioReserva = '1000.00', idPistasFK = '300' WHERE idSociosFK = '10';]
[04/06/2024 12:58:57] [Administrador] [Consulta Reserva] [SELECT idReservas, precioReserva, fechaReserva, idSociosFK, idPistasFK from Reservas;]
[04/06/2024 12:59:04] [Administrador] [Consulta Reserva] [SELECT idReservas, precioReserva, fechaReserva, idSociosFK, idPistasFK from Reservas;]
[04/06/2024 12:59:05] [Administrador] [Consulta Reserva] [SELECT idReservas, precioReserva, fechaReserva, idSociosFK, idPistasFK from Reservas;]
[04/06/2024 12:59:08] [Administrador] [Modificación Reserva] [UPDATE Reservas SET fechaReserva = '2026-10-15', precioReserva = '1000.00', idPistasFK = '3' WHERE idSociosFK = '10';]
[05/06/2024 13:08:00] [Administrador] [Iniciar Sesión] [SELECT * FROM usuarios WHERE nombreUsuario='JuanmaRoot' AND contrasenaUsuario = SHA2('Studium2023;', 256);]
[05/06/2024 13:08:07] [Administrador] [Consulta Socio] [SELECT idSocios, dniSocio, nombreSocio, primerApellidoSocio, segundoApellidoSocio, correoElectronicoSocio, contrasenaSocio from Socios;]
[05/06/2024 13:08:07] [Administrador] [Consulta Pistas] [SELECT idPistas, nombrePista, zonaPista, tipoPista from Pistas;]
[05/06/2024 13:08:14] [Administrador] [Consulta Reserva] [SELECT idReservas, precioReserva, fechaReserva, idSociosFK, idPistasFK from Reservas;]
[05/06/2024 13:08:24] [Administrador] [Consulta Reserva] [SELECT idReservas, precioReserva, fechaReserva, idSociosFK, idPistasFK from Reservas;]
[05/06/2024 13:08:37] [Administrador] [Consulta Reserva] [SELECT idReservas, precioReserva, fechaReserva, idSociosFK, idPistasFK from Reservas;]
[05/06/2024 13:08:39] [Administrador] [Consulta Reserva] [SELECT idReservas, precioReserva, fechaReserva, idSociosFK, idPistasFK from Reservas;]
[05/06/2024 13:08:47] [Administrador] [Consulta Reserva] [SELECT idReservas, precioReserva, fechaReserva, idSociosFK, idPistasFK from Reservas;]
[05/06/2024 13:08:50] [Administrador] [Consulta Pistas] [SELECT idPistas, nombrePista, zonaPista, tipoPista from Pistas;]
[05/06/2024 13:08:54] [Administrador] [Consulta Pista por ID] [SELECT nombrePista, zonaPista, tipoPista FROM Pistas WHERE idPistas = 2;]
[05/06/2024 13:09:02] [Administrador] [Consulta Pistas] [SELECT idPistas, nombrePista, zonaPista, tipoPista from Pistas;]
[05/06/2024 13:09:08] [Administrador] [Consulta Pista por ID] [SELECT nombrePista, zonaPista, tipoPista FROM Pistas WHERE idPistas = 2;]
[05/06/2024 13:09:12] [Administrador] [Consulta Pista por ID] [SELECT nombrePista, zonaPista, tipoPista FROM Pistas WHERE idPistas = 4;]
[05/06/2024 13:09:15] [Administrador] [Consulta Reserva] [SELECT idReservas, precioReserva, fechaReserva, idSociosFK, idPistasFK from Reservas;]
[05/06/2024 19:37:37] [Administrador] [Iniciar Sesión] [SELECT * FROM usuarios WHERE nombreUsuario='Juanma2' AND contrasenaUsuario = SHA2('Studium2023;2', 256);]
[05/06/2024 19:37:45] [Administrador] [Consulta Socio] [SELECT idSocios, dniSocio, nombreSocio, primerApellidoSocio, segundoApellidoSocio, correoElectronicoSocio, contrasenaSocio from Socios;]
[05/06/2024 19:37:45] [Administrador] [Consulta Pistas] [SELECT idPistas, nombrePista, zonaPista, tipoPista from Pistas;]
[05/06/2024 19:40:48] [Administrador] [Alta Reserva] [INSERT INTO Reservas (idSociosFK, fechaReserva, precioReserva, idPistasFK) SELECT s.idSocios, '2024-10-15', 1000, p.idPistas FROM Socios s JOIN Pistas p ON s.dniSocio = '12345678T' AND p.nombrePista = 'Carlos XIII' AND p.tipoPista = 'Golf']
[05/06/2024 19:46:32] [Administrador] [Iniciar Sesión] [SELECT * FROM usuarios WHERE nombreUsuario='Juanma2' AND contrasenaUsuario = SHA2('Studium2023;2', 256);]
[05/06/2024 19:46:36] [Administrador] [Consulta Socio] [SELECT idSocios, dniSocio, nombreSocio, primerApellidoSocio, segundoApellidoSocio, correoElectronicoSocio, contrasenaSocio from Socios;]
[05/06/2024 19:46:36] [Administrador] [Consulta Pistas] [SELECT idPistas, nombrePista, zonaPista, tipoPista from Pistas;]
[05/06/2024 19:46:43] [Administrador] [Alta Reserva] [INSERT INTO Reservas (idSociosFK, fechaReserva, precioReserva, idPistasFK) SELECT s.idSocios, '2024-10-15', 1, p.idPistas FROM Socios s JOIN Pistas p ON s.dniSocio = '12345678T' AND p.nombrePista = 'Carlos XIII' AND p.tipoPista = 'Golf']
[06/06/2024 08:21:24] [Administrador] [Iniciar Sesión] [SELECT * FROM usuarios WHERE nombreUsuario='JuanmaRoot' AND contrasenaUsuario = SHA2('Studium2023;', 256);]
[06/06/2024 08:22:18] [Administrador] [Iniciar Sesión] [SELECT * FROM usuarios WHERE nombreUsuario='JuanmaRoot' AND contrasenaUsuario = SHA2('Studium2023;', 256);]
[06/06/2024 08:28:56] [Administrador] [Iniciar Sesión] [SELECT * FROM usuarios WHERE nombreUsuario='JuanmaRoot' AND contrasenaUsuario = SHA2('Studium2023;', 256);]
[06/06/2024 08:29:05] [Administrador] [Consulta Reserva] [SELECT idReservas, precioReserva, fechaReserva, idSociosFK, idPistasFK from Reservas;]
[06/06/2024 08:29:14] [Administrador] [Consulta Reserva] [SELECT idReservas, precioReserva, fechaReserva, idSociosFK, idPistasFK from Reservas;]
[06/06/2024 08:42:10] [Administrador] [Iniciar Sesión] [SELECT * FROM usuarios WHERE nombreUsuario='JuanmaRoot' AND contrasenaUsuario = SHA2('Studium2023;', 256);]
[06/06/2024 08:42:12] [Administrador] [Consulta Reserva] [SELECT idReservas, precioReserva, fechaReserva, socios.dniSocio, idPistasFK from Reservas JOIN socios on reservas.idSociosFK = socios.dniSocios;]
[06/06/2024 08:44:14] [Administrador] [Iniciar Sesión] [SELECT * FROM usuarios WHERE nombreUsuario='JuanmaRoot' AND contrasenaUsuario = SHA2('Studium2023;', 256);]
[06/06/2024 08:44:17] [Administrador] [Consulta Reserva] [SELECT idReservas, precioReserva, fechaReserva, socios.dniSocio, idPistasFK from Reservas JOIN socios on reservas.idSociosFK = socios.dniSocios;]
[06/06/2024 08:44:20] [Administrador] [Consulta Reserva] [SELECT idReservas, precioReserva, fechaReserva, socios.dniSocio, idPistasFK from Reservas JOIN socios on reservas.idSociosFK = socios.dniSocios;]
[06/06/2024 08:46:07] [Administrador] [Iniciar Sesión] [SELECT * FROM usuarios WHERE nombreUsuario='JuanmaRoot' AND contrasenaUsuario = SHA2('Studium2023;', 256);]
[06/06/2024 08:46:08] [Administrador] [Consulta Reserva] [SELECT idReservas, precioReserva, fechaReserva, socios.dniSocio, idPistasFK from Reservas JOIN socios on reservas.idSociosFK = socios.dniSocio;]
[06/06/2024 08:46:32] [Administrador] [Consulta Reserva] [SELECT idReservas, precioReserva, fechaReserva, socios.dniSocio, idPistasFK from Reservas JOIN socios on reservas.idSociosFK = socios.dniSocio;]
[06/06/2024 08:46:34] [Administrador] [Consulta Reserva] [SELECT idReservas, precioReserva, fechaReserva, socios.dniSocio, idPistasFK from Reservas JOIN socios on reservas.idSociosFK = socios.dniSocio;]
[06/06/2024 08:47:59] [Administrador] [Iniciar Sesión] [SELECT * FROM usuarios WHERE nombreUsuario='JuanmaRoot' AND contrasenaUsuario = SHA2('Studium2023;', 256);]
[06/06/2024 08:48:01] [Administrador] [Consulta Reserva] [SELECT idReservas, precioReserva, fechaReserva, socios.dniSocio, idPistasFK from Reservas JOIN socios on reservas.idSociosFK = socios.dniSocio;]
[06/06/2024 08:51:09] [Administrador] [Iniciar Sesión] [SELECT * FROM usuarios WHERE nombreUsuario='JuanmaRoot' AND contrasenaUsuario = SHA2('Studium2023;', 256);]
[06/06/2024 08:51:11] [Administrador] [Consulta Reserva] [SELECT idReservas, precioReserva, fechaReserva, idSociosFK socios.dniSocio, idPistasFK from Reservas JOIN socios on reservas.idSociosFK = socios.dniSocio;]
[06/06/2024 08:52:17] [Administrador] [Iniciar Sesión] [SELECT * FROM usuarios WHERE nombreUsuario='JuanmaRoot' AND contrasenaUsuario = SHA2('Studium2023;', 256);]
[06/06/2024 08:52:18] [Administrador] [Consulta Reserva] [SELECT idReservas, precioReserva, fechaReserva, idSociosFK, idPistasFK from Reservas;]
[06/06/2024 08:52:47] [Administrador] [Iniciar Sesión] [SELECT * FROM usuarios WHERE nombreUsuario='JuanmaRoot' AND contrasenaUsuario = SHA2('Studium2023;', 256);]
[06/06/2024 08:52:50] [Administrador] [Consulta Reserva] [SELECT idReservas, precioReserva, fechaReserva, idSociosFK, idPistasFK from Reservas;]
[06/06/2024 08:52:51] [Administrador] [Consulta Reserva] [SELECT idReservas, precioReserva, fechaReserva, idSociosFK, idPistasFK from Reservas;]
[06/06/2024 08:52:58] [Administrador] [Iniciar Sesión] [SELECT * FROM usuarios WHERE nombreUsuario='JuanmaRoot' AND contrasenaUsuario = SHA2('Studium2023;', 256);]
[06/06/2024 08:53:00] [Administrador] [Consulta Reserva] [SELECT idReservas, precioReserva, fechaReserva, idSociosFK, idPistasFK from Reservas;]
[06/06/2024 08:53:03] [Administrador] [Consulta Reserva] [SELECT idReservas, precioReserva, fechaReserva, idSociosFK, idPistasFK from Reservas;]
[06/06/2024 08:53:14] [Administrador] [Consulta Reserva] [SELECT idReservas, precioReserva, fechaReserva, idSociosFK, idPistasFK from Reservas;]
[06/06/2024 09:06:38] [Administrador] [Iniciar Sesión] [SELECT * FROM usuarios WHERE nombreUsuario='JuanmaRoot' AND contrasenaUsuario = SHA2('Studium2023;', 256);]
[06/06/2024 09:06:40] [Administrador] [Consulta Reserva] [SELECT idReservas, precioReserva, fechaReserva, idSociosFK, idPistasFK from Reservas;]
[06/06/2024 09:06:43] [Administrador] [Consulta Reserva] [SELECT idReservas, precioReserva, fechaReserva, idSociosFK, idPistasFK from Reservas;]
[06/06/2024 09:42:10] [Administrador] [Iniciar Sesión] [SELECT * FROM usuarios WHERE nombreUsuario='JuanmaRoot' AND contrasenaUsuario = SHA2('Studium2023;', 256);]
[06/06/2024 09:42:13] [Administrador] [Consulta Reserva] [SELECT idReservas, precioReserva, fechaReserva, idSociosFK, idPistasFK from Reservas;]
[06/06/2024 09:42:15] [Administrador] [Consulta Reserva] [SELECT idReservas, precioReserva, fechaReserva, idSociosFK, idPistasFK from Reservas;]
[06/06/2024 09:44:04] [Administrador] [Iniciar Sesión] [SELECT * FROM usuarios WHERE nombreUsuario='JuanmaRoot' AND contrasenaUsuario = SHA2('Studium2023;', 256);]
[06/06/2024 09:44:11] [Administrador] [Consulta Reserva] [SELECT idReservas, precioReserva, fechaReserva, idSociosFK, idPistasFK from Reservas;]
[06/06/2024 09:44:12] [Administrador] [Consulta Reserva] [SELECT idReservas, precioReserva, fechaReserva, idSociosFK, idPistasFK from Reservas;]
[06/06/2024 09:45:55] [Administrador] [Consulta Reserva] [SELECT idReservas, precioReserva, fechaReserva, idSociosFK, idPistasFK from Reservas;]
[06/06/2024 09:46:01] [Administrador] [Consulta Reserva] [SELECT idReservas, precioReserva, fechaReserva, idSociosFK, idPistasFK from Reservas;]
[06/06/2024 09:46:54] [Administrador] [Iniciar Sesión] [SELECT * FROM usuarios WHERE nombreUsuario='JuanmaRoot' AND contrasenaUsuario = SHA2('Studium2023;', 256);]
[06/06/2024 09:46:59] [Administrador] [Consulta Reserva] [SELECT idReservas, precioReserva, fechaReserva, idSociosFK, idPistasFK from Reservas;]
[06/06/2024 09:47:05] [Administrador] [Consulta Reserva] [SELECT idReservas, precioReserva, fechaReserva, idSociosFK, idPistasFK from Reservas;]
[06/06/2024 09:47:14] [Administrador] [Consulta Reserva] [SELECT idReservas, precioReserva, fechaReserva, idSociosFK, idPistasFK from Reservas;]
[06/06/2024 09:47:17] [Administrador] [Consulta Reserva] [SELECT idReservas, precioReserva, fechaReserva, idSociosFK, idPistasFK from Reservas;]
[06/06/2024 09:47:19] [Administrador] [Consulta Reserva] [SELECT idReservas, precioReserva, fechaReserva, idSociosFK, idPistasFK from Reservas;]
[06/06/2024 09:48:00] [Administrador] [Iniciar Sesión] [SELECT * FROM usuarios WHERE nombreUsuario='JuanmaRoot' AND contrasenaUsuario = SHA2('Studium2023;', 256);]
[06/06/2024 09:48:06] [Administrador] [Consulta Reserva] [SELECT idReservas, precioReserva, fechaReserva, idSociosFK, idPistasFK from Reservas;]
[06/06/2024 09:48:08] [Administrador] [Consulta Reserva] [SELECT idReservas, precioReserva, fechaReserva, idSociosFK, idPistasFK from Reservas;]
[06/06/2024 09:48:23] [Administrador] [Iniciar Sesión] [SELECT * FROM usuarios WHERE nombreUsuario='JuanmaRoot' AND contrasenaUsuario = SHA2('Studium2023;', 256);]
[06/06/2024 09:48:40] [Administrador] [Consulta Reserva] [SELECT idReservas, precioReserva, fechaReserva, idSociosFK, idPistasFK from Reservas;]
[06/06/2024 09:48:41] [Administrador] [Consulta Reserva] [SELECT idReservas, precioReserva, fechaReserva, idSociosFK, idPistasFK from Reservas;]
[06/06/2024 10:11:53] [Administrador] [Iniciar Sesión] [SELECT * FROM usuarios WHERE nombreUsuario='JuanmaRoot' AND contrasenaUsuario = SHA2('Studium2023;', 256);]
[06/06/2024 10:12:15] [Administrador] [Consulta Socio] [SELECT idSocios, dniSocio, nombreSocio, primerApellidoSocio, segundoApellidoSocio, correoElectronicoSocio, contrasenaSocio from Socios;]
[06/06/2024 10:12:15] [Administrador] [Consulta Pistas] [SELECT idPistas, nombrePista, zonaPista, tipoPista from Pistas;]
[06/06/2024 10:12:35] [Administrador] [Alta Reserva] [INSERT INTO Reservas (idSociosFK, fechaReserva, precioReserva, idPistasFK) SELECT s.idSocios, '2024-10-15', 100, p.idPistas FROM Socios s JOIN Pistas p ON s.dniSocio = '23451244H' AND p.nombrePista = 'San Juan ' AND p.tipoPista = ' Futbol']
[06/06/2024 10:12:44] [Administrador] [Consulta Reserva] [SELECT idReservas, precioReserva, fechaReserva, idSociosFK, idPistasFK from Reservas;]
[06/06/2024 10:13:01] [Administrador] [Consulta Reserva] [SELECT idReservas, precioReserva, fechaReserva, idSociosFK, idPistasFK from Reservas;]
[06/06/2024 10:18:47] [Administrador] [Iniciar Sesión] [SELECT * FROM usuarios WHERE nombreUsuario='JuanmaRoot' AND contrasenaUsuario = SHA2('Studium2023;', 256);]
[06/06/2024 10:18:49] [Administrador] [Consulta Reserva] [SELECT idReservas, precioReserva, fechaReserva, idSociosFK, idPistasFK from Reservas;]
[06/06/2024 10:18:50] [Administrador] [Consulta Reserva] [SELECT idReservas, precioReserva, fechaReserva, idSociosFK, idPistasFK from Reservas;]
[06/06/2024 10:19:56] [Administrador] [Consulta Reserva] [SELECT idReservas, precioReserva, fechaReserva, idSociosFK, idPistasFK from Reservas;]
[06/06/2024 10:19:56] [Administrador] [Consulta Reserva] [SELECT idReservas, precioReserva, fechaReserva, idSociosFK, idPistasFK from Reservas;]
[06/06/2024 10:20:33] [Administrador] [Iniciar Sesión] [SELECT * FROM usuarios WHERE nombreUsuario='JuanmaRoot' AND contrasenaUsuario = SHA2('Studium2023;', 256);]
[06/06/2024 10:20:36] [Administrador] [Consulta Reserva] [SELECT idReservas, precioReserva, fechaReserva, idSociosFK, idPistasFK from Reservas;]
[06/06/2024 10:20:48] [Administrador] [Consulta Reserva] [SELECT idReservas, precioReserva, fechaReserva, idSociosFK, idPistasFK from Reservas;]
[06/06/2024 10:21:13] [Administrador] [Consulta Reserva] [SELECT idReservas, precioReserva, fechaReserva, idSociosFK, idPistasFK from Reservas;]
[06/06/2024 10:21:30] [Administrador] [Modificación Reserva] [UPDATE Reservas SET fechaReserva = '2024-06-06', precioReserva = '150.00', idPistasFK = '4' WHERE idSociosFK = '1';]
[06/06/2024 10:21:34] [Administrador] [Consulta Reserva] [SELECT idReservas, precioReserva, fechaReserva, idSociosFK, idPistasFK from Reservas;]
[06/06/2024 10:21:45] [Administrador] [Consulta Reserva] [SELECT idReservas, precioReserva, fechaReserva, idSociosFK, idPistasFK from Reservas;]
[06/06/2024 10:21:47] [Administrador] [Consulta Reserva] [SELECT idReservas, precioReserva, fechaReserva, idSociosFK, idPistasFK from Reservas;]
[06/06/2024 10:21:53] [Administrador] [Modificación Reserva] [UPDATE Reservas SET fechaReserva = '2024-06-06', precioReserva = '150.00', idPistasFK = '2' WHERE idSociosFK = '1';]
[06/06/2024 10:21:58] [Administrador] [Consulta Socio] [SELECT idSocios, dniSocio, nombreSocio, primerApellidoSocio, segundoApellidoSocio, correoElectronicoSocio, contrasenaSocio from Socios;]
[06/06/2024 10:21:58] [Administrador] [Consulta Pistas] [SELECT idPistas, nombrePista, zonaPista, tipoPista from Pistas;]
[06/06/2024 10:22:08] [Administrador] [Consulta Reserva] [SELECT idReservas, precioReserva, fechaReserva, idSociosFK, idPistasFK from Reservas;]
[06/06/2024 10:22:12] [Administrador] [Eliminar Reserva] [DELETE FROM Reservas WHERE precioReserva = '150.00' AND fechaReserva = '2024-06-06' AND idSociosFK = '1';]
[06/06/2024 10:22:32] [Administrador] [Iniciar Sesión] [SELECT * FROM usuarios WHERE nombreUsuario='Juanma2' AND contrasenaUsuario = SHA2('Studium2023;2', 256);]
[06/06/2024 10:23:05] [Administrador] [Iniciar Sesión] [SELECT * FROM usuarios WHERE nombreUsuario='Juanma2' AND contrasenaUsuario = SHA2('Studium2023;2', 256);]
[06/06/2024 10:23:40] [Administrador] [Iniciar Sesión] [SELECT * FROM usuarios WHERE nombreUsuario='Juanma2' AND contrasenaUsuario = SHA2('Studium2023;2', 256);]
[06/06/2024 10:24:24] [Administrador] [Alta Socio] [INSERT INTO Socios (dniSocio, nombreSocio, primerApellidoSocio, segundoApellidoSocio, correoElectronicoSocio, contrasenaSocio, idReservasFK)  VALUES ('34784333T', 'Jorge', 'Rodriguez', '', 'HolaComoestas@gmail.com', '1234', 1);]
[11/06/2024 11:20:27] [Administrador] [Iniciar Sesión] [SELECT * FROM usuarios WHERE nombreUsuario='JuanmaRoot' AND contrasenaUsuario = SHA2('Studium2023;', 256);]
[11/06/2024 11:22:40] [Administrador] [Consulta Socio] [SELECT idSocios, dniSocio, nombreSocio, primerApellidoSocio, segundoApellidoSocio, correoElectronicoSocio, contrasenaSocio from Socios;]
[11/06/2024 11:23:58] [Administrador] [Consulta Reserva] [SELECT idReservas, precioReserva, fechaReserva, idSociosFK, idPistasFK from Reservas;]
[11/06/2024 11:24:12] [Administrador] [Consulta Pistas] [SELECT idPistas, nombrePista, zonaPista, tipoPista from Pistas;]
[11/06/2024 11:24:24] [Administrador] [Consulta Reserva] [SELECT idReservas, precioReserva, fechaReserva, idSociosFK, idPistasFK from Reservas;]
[11/06/2024 11:24:25] [Administrador] [Consulta Reserva] [SELECT idReservas, precioReserva, fechaReserva, idSociosFK, idPistasFK from Reservas;]
[11/06/2024 11:27:19] [Administrador] [Consulta Pistas] [SELECT idPistas, nombrePista, zonaPista, tipoPista from Pistas;]
[11/06/2024 11:27:20] [Administrador] [Consulta Pistas] [SELECT idPistas, nombrePista, zonaPista, tipoPista from Pistas;]
[11/06/2024 12:01:23] [Administrador] [Iniciar Sesión] [SELECT * FROM usuarios WHERE nombreUsuario='JuanmaRoot' AND contrasenaUsuario = SHA2('Studium2023;', 256);]
[11/06/2024 12:01:29] [Administrador] [Consulta Reserva] [SELECT idReservas, precioReserva, fechaReserva, idSociosFK, idPistasFK from Reservas;]
[11/06/2024 12:01:34] [Administrador] [Consulta Reserva] [SELECT idReservas, precioReserva, fechaReserva, idSociosFK, idPistasFK from Reservas;]
[11/06/2024 12:01:38] [Administrador] [Modificación Reserva] [UPDATE Reservas SET fechaReserva = '2024-10-15', precioReserva = '300.00', idPistasFK = '2' WHERE idSociosFK = '90';]
